# JRE version: OpenJDK Runtime Environment (25.0.2+10) (build 25.0.2+10-Ubuntu-124.04)
# Java VM: OpenJDK 64-Bit Server VM (25.0.2+10-Ubuntu-124.04, mixed mode, sharing, tiered, compressed oops, compressed class ptrs, g1 gc, linux-amd64)
GC Precious Log:
 CardTable entry size: 512
 Card Set container configuration: InlinePtr #cards 4 size 8 Array Of Cards #cards 16 size 48 Howl #buckets 8 coarsen threshold 3686 Howl Bitmap #cards 512 size 80 coarsen threshold 460 Card regions per heap region 1 cards per card region 4096
 CPUs: 4 total, 4 available
 Memory: 15932M
 Large Page Support: Disabled
 NUMA Support: Disabled
 Compressed Oops: Enabled (Zero based)
 Heap Region Size: 2M
 Heap Min Capacity: 8M
 Heap Initial Capacity: 250M
 Heap Max Capacity: 3984M
 Pre-touch: Disabled
 Parallel Workers: 4
 Concurrent Workers: 1
 Concurrent Refinement Workers: 4
 Periodic GC: Disabled
Heap:
 garbage-first heap   total reserved 4079616K, committed 192512K, used 68909K [0x0000000707000000, 0x0000000800000000)
  region size 2048K, 29 young (59392K), 1 survivors (2048K)
GC Heap Usage History (20 events):
Event: 216,383 {heap Before GC invocations=169 (full 0):
 garbage-first heap   total reserved 4079616K, committed 192512K, used 126268K [0x0000000707000000, 0x0000000800000000)
  region size 2048K, 56 young (114688K), 1 survivors (2048K)
}
Event: 216,383 {heap After GC invocations=170 (full 0):
 garbage-first heap   total reserved 4079616K, committed 192512K, used 13613K [0x0000000707000000, 0x0000000800000000)
  region size 2048K, 1 young (2048K), 1 survivors (2048K)
}
Event: 216,733 {heap Before GC invocations=170 (full 0):
 garbage-first heap   total reserved 4079616K, committed 192512K, used 126253K [0x0000000707000000, 0x0000000800000000)
  region size 2048K, 56 young (114688K), 1 survivors (2048K)
}
Event: 216,734 {heap After GC invocations=171 (full 0):
 garbage-first heap   total reserved 4079616K, committed 192512K, used 13613K [0x0000000707000000, 0x0000000800000000)
  region size 2048K, 1 young (2048K), 1 survivors (2048K)
}
Event: 217,077 {heap Before GC invocations=171 (full 0):
 garbage-first heap   total reserved 4079616K, committed 192512K, used 126253K [0x0000000707000000, 0x0000000800000000)
  region size 2048K, 56 young (114688K), 1 survivors (2048K)
}
Event: 217,078 {heap After GC invocations=172 (full 0):
 garbage-first heap   total reserved 4079616K, committed 192512K, used 13613K [0x0000000707000000, 0x0000000800000000)
  region size 2048K, 1 young (2048K), 1 survivors (2048K)
}
Event: 217,426 {heap Before GC invocations=172 (full 0):
 garbage-first heap   total reserved 4079616K, committed 192512K, used 126253K [0x0000000707000000, 0x0000000800000000)
  region size 2048K, 56 young (114688K), 1 survivors (2048K)
}
Event: 217,427 {heap After GC invocations=173 (full 0):
 garbage-first heap   total reserved 4079616K, committed 192512K, used 13628K [0x0000000707000000, 0x0000000800000000)
  region size 2048K, 1 young (2048K), 1 survivors (2048K)
}
Event: 217,767 {heap Before GC invocations=173 (full 0):
 garbage-first heap   total reserved 4079616K, committed 192512K, used 126268K [0x0000000707000000, 0x0000000800000000)
  region size 2048K, 56 young (114688K), 1 survivors (2048K)
}
Event: 217,768 {heap After GC invocations=174 (full 0):
 garbage-first heap   total reserved 4079616K, committed 192512K, used 13615K [0x0000000707000000, 0x0000000800000000)
  region size 2048K, 1 young (2048K), 1 survivors (2048K)
}
Event: 218,116 {heap Before GC invocations=174 (full 0):
 garbage-first heap   total reserved 4079616K, committed 192512K, used 126255K [0x0000000707000000, 0x0000000800000000)
  region size 2048K, 56 young (114688K), 1 survivors (2048K)
}
Event: 218,117 {heap After GC invocations=175 (full 0):
 garbage-first heap   total reserved 4079616K, committed 192512K, used 13613K [0x0000000707000000, 0x0000000800000000)
  region size 2048K, 1 young (2048K), 1 survivors (2048K)
}
Event: 218,461 {heap Before GC invocations=175 (full 0):
 garbage-first heap   total reserved 4079616K, committed 192512K, used 126253K [0x0000000707000000, 0x0000000800000000)
  region size 2048K, 56 young (114688K), 1 survivors (2048K)
}
Event: 218,462 {heap After GC invocations=176 (full 0):
 garbage-first heap   total reserved 4079616K, committed 192512K, used 13613K [0x0000000707000000, 0x0000000800000000)
  region size 2048K, 1 young (2048K), 1 survivors (2048K)
}
Event: 219,076 {heap Before GC invocations=176 (full 0):
 garbage-first heap   total reserved 4079616K, committed 192512K, used 126253K [0x0000000707000000, 0x0000000800000000)
  region size 2048K, 56 young (114688K), 1 survivors (2048K)
}
Event: 219,078 {heap After GC invocations=177 (full 0):
 garbage-first heap   total reserved 4079616K, committed 192512K, used 13613K [0x0000000707000000, 0x0000000800000000)
  region size 2048K, 1 young (2048K), 1 survivors (2048K)
}
Event: 219,440 {heap Before GC invocations=177 (full 0):
 garbage-first heap   total reserved 4079616K, committed 192512K, used 126253K [0x0000000707000000, 0x0000000800000000)
  region size 2048K, 56 young (114688K), 1 survivors (2048K)
}
Event: 219,441 {heap After GC invocations=178 (full 0):
 garbage-first heap   total reserved 4079616K, committed 192512K, used 13613K [0x0000000707000000, 0x0000000800000000)
  region size 2048K, 1 young (2048K), 1 survivors (2048K)
}
Event: 219,775 {heap Before GC invocations=178 (full 0):
 garbage-first heap   total reserved 4079616K, committed 192512K, used 126253K [0x0000000707000000, 0x0000000800000000)
  region size 2048K, 56 young (114688K), 1 survivors (2048K)
}
Event: 219,777 {heap After GC invocations=179 (full 0):
 garbage-first heap   total reserved 4079616K, committed 192512K, used 13613K [0x0000000707000000, 0x0000000800000000)
  region size 2048K, 1 young (2048K), 1 survivors (2048K)
}

