# JRE version: OpenJDK Runtime Environment (25.0.2+10) (build 25.0.2+10-Ubuntu-124.04)
# Java VM: OpenJDK 64-Bit Server VM (25.0.2+10-Ubuntu-124.04, mixed mode, sharing, tiered, compressed oops, compressed class ptrs, g1 gc, linux-amd64)
GC Precious Log:
 CardTable entry size: 512
 Card Set container configuration: InlinePtr #cards 4 size 8 Array Of Cards #cards 16 size 48 Howl #buckets 8 coarsen threshold 3686 Howl Bitmap #cards 512 size 80 coarsen threshold 460 Card regions per heap region 1 cards per card region 4096
 CPUs: 4 total, 4 available
 Memory: 15932M
 Large Page Support: Disabled
 NUMA Support: Disabled
 Compressed Oops: Enabled (Zero based)
 Heap Region Size: 2M
 Heap Min Capacity: 8M
 Heap Initial Capacity: 250M
 Heap Max Capacity: 3984M
 Pre-touch: Disabled
 Parallel Workers: 4
 Concurrent Workers: 1
 Concurrent Refinement Workers: 4
 Periodic GC: Disabled
Heap:
 garbage-first heap   total reserved 4079616K, committed 303104K, used 154265K [0x0000000707000000, 0x0000000800000000)
  region size 2048K, 71 young (145408K), 1 survivors (2048K)
GC Heap Usage History (20 events):
Event: 149,890 {heap Before GC invocations=399 (full 0):
 garbage-first heap   total reserved 4079616K, committed 303104K, used 191116K [0x0000000707000000, 0x0000000800000000)
  region size 2048K, 88 young (180224K), 1 survivors (2048K)
}
Event: 149,892 {heap After GC invocations=400 (full 0):
 garbage-first heap   total reserved 4079616K, committed 303104K, used 12937K [0x0000000707000000, 0x0000000800000000)
  region size 2048K, 1 young (2048K), 1 survivors (2048K)
}
Event: 150,018 {heap Before GC invocations=400 (full 0):
 garbage-first heap   total reserved 4079616K, committed 303104K, used 191113K [0x0000000707000000, 0x0000000800000000)
  region size 2048K, 88 young (180224K), 1 survivors (2048K)
}
Event: 150,019 {heap After GC invocations=401 (full 0):
 garbage-first heap   total reserved 4079616K, committed 303104K, used 12909K [0x0000000707000000, 0x0000000800000000)
  region size 2048K, 1 young (2048K), 1 survivors (2048K)
}
Event: 150,158 {heap Before GC invocations=401 (full 0):
 garbage-first heap   total reserved 4079616K, committed 303104K, used 191085K [0x0000000707000000, 0x0000000800000000)
  region size 2048K, 88 young (180224K), 1 survivors (2048K)
}
Event: 150,159 {heap After GC invocations=402 (full 0):
 garbage-first heap   total reserved 4079616K, committed 303104K, used 12942K [0x0000000707000000, 0x0000000800000000)
  region size 2048K, 1 young (2048K), 1 survivors (2048K)
}
Event: 150,289 {heap Before GC invocations=402 (full 0):
 garbage-first heap   total reserved 4079616K, committed 303104K, used 191118K [0x0000000707000000, 0x0000000800000000)
  region size 2048K, 88 young (180224K), 1 survivors (2048K)
}
Event: 150,290 {heap After GC invocations=403 (full 0):
 garbage-first heap   total reserved 4079616K, committed 303104K, used 12939K [0x0000000707000000, 0x0000000800000000)
  region size 2048K, 1 young (2048K), 1 survivors (2048K)
}
Event: 150,420 {heap Before GC invocations=403 (full 0):
 garbage-first heap   total reserved 4079616K, committed 303104K, used 191115K [0x0000000707000000, 0x0000000800000000)
  region size 2048K, 88 young (180224K), 1 survivors (2048K)
}
Event: 150,421 {heap After GC invocations=404 (full 0):
 garbage-first heap   total reserved 4079616K, committed 303104K, used 12938K [0x0000000707000000, 0x0000000800000000)
  region size 2048K, 1 young (2048K), 1 survivors (2048K)
}
Event: 150,547 {heap Before GC invocations=404 (full 0):
 garbage-first heap   total reserved 4079616K, committed 303104K, used 191114K [0x0000000707000000, 0x0000000800000000)
  region size 2048K, 88 young (180224K), 1 survivors (2048K)
}
Event: 150,548 {heap After GC invocations=405 (full 0):
 garbage-first heap   total reserved 4079616K, committed 303104K, used 12945K [0x0000000707000000, 0x0000000800000000)
  region size 2048K, 1 young (2048K), 1 survivors (2048K)
}
Event: 150,677 {heap Before GC invocations=405 (full 0):
 garbage-first heap   total reserved 4079616K, committed 303104K, used 191121K [0x0000000707000000, 0x0000000800000000)
  region size 2048K, 88 young (180224K), 1 survivors (2048K)
}
Event: 150,678 {heap After GC invocations=406 (full 0):
 garbage-first heap   total reserved 4079616K, committed 303104K, used 12946K [0x0000000707000000, 0x0000000800000000)
  region size 2048K, 1 young (2048K), 1 survivors (2048K)
}
Event: 150,829 {heap Before GC invocations=406 (full 0):
 garbage-first heap   total reserved 4079616K, committed 303104K, used 191122K [0x0000000707000000, 0x0000000800000000)
  region size 2048K, 88 young (180224K), 1 survivors (2048K)
}
Event: 150,830 {heap After GC invocations=407 (full 0):
 garbage-first heap   total reserved 4079616K, committed 303104K, used 12945K [0x0000000707000000, 0x0000000800000000)
  region size 2048K, 1 young (2048K), 1 survivors (2048K)
}
Event: 150,955 {heap Before GC invocations=407 (full 0):
 garbage-first heap   total reserved 4079616K, committed 303104K, used 191121K [0x0000000707000000, 0x0000000800000000)
  region size 2048K, 88 young (180224K), 1 survivors (2048K)
}
Event: 150,958 {heap After GC invocations=408 (full 0):
 garbage-first heap   total reserved 4079616K, committed 303104K, used 12948K [0x0000000707000000, 0x0000000800000000)
  region size 2048K, 1 young (2048K), 1 survivors (2048K)
}
Event: 151,112 {heap Before GC invocations=408 (full 0):
 garbage-first heap   total reserved 4079616K, committed 303104K, used 191124K [0x0000000707000000, 0x0000000800000000)
  region size 2048K, 88 young (180224K), 1 survivors (2048K)
}
Event: 151,113 {heap After GC invocations=409 (full 0):
 garbage-first heap   total reserved 4079616K, committed 303104K, used 12953K [0x0000000707000000, 0x0000000800000000)
  region size 2048K, 1 young (2048K), 1 survivors (2048K)
}

